TN:
SF:/Users/sofiaacosta/Epicodus/building-graphs/src/graph.js
FN:2,(anonymous_0)
FN:6,(anonymous_1)
FN:10,(anonymous_2)
FN:17,(anonymous_3)
FN:24,(anonymous_4)
FN:31,(anonymous_5)
FN:36,(anonymous_6)
FN:38,(anonymous_7)
FN:45,(anonymous_8)
FNF:9
FNH:9
FNDA:10,(anonymous_0)
FNDA:19,(anonymous_1)
FNDA:3,(anonymous_2)
FNDA:11,(anonymous_3)
FNDA:4,(anonymous_4)
FNDA:1,(anonymous_5)
FNDA:1,(anonymous_6)
FNDA:2,(anonymous_7)
FNDA:2,(anonymous_8)
DA:3,10
DA:7,19
DA:11,3
DA:12,1
DA:14,2
DA:18,11
DA:19,11
DA:20,11
DA:21,11
DA:25,4
DA:26,1
DA:28,3
DA:32,1
DA:33,1
DA:37,1
DA:38,1
DA:39,2
DA:41,1
DA:46,2
DA:47,2
LF:20
LH:20
BRDA:11,0,0,1
BRDA:11,0,1,2
BRDA:25,1,0,1
BRDA:25,1,1,3
BRDA:37,2,0,1
BRDA:37,2,1,0
BRDA:46,3,0,2
BRDA:46,3,1,0
BRDA:46,4,0,2
BRDA:46,4,1,1
BRF:10
BRH:8
end_of_record
