TN:
SF:/Users/sofiaacosta/Epicodus/building-graphs/src/graph.js
FN:2,(anonymous_0)
FN:6,(anonymous_1)
FN:10,(anonymous_2)
FN:17,(anonymous_3)
FN:24,(anonymous_4)
FN:31,(anonymous_5)
FN:36,(anonymous_6)
FN:38,(anonymous_7)
FN:45,(anonymous_8)
FN:58,(anonymous_9)
FN:69,(anonymous_10)
FN:82,(anonymous_11)
FNF:12
FNH:12
FNDA:11,(anonymous_0)
FNDA:27,(anonymous_1)
FNDA:3,(anonymous_2)
FNDA:18,(anonymous_3)
FNDA:4,(anonymous_4)
FNDA:1,(anonymous_5)
FNDA:1,(anonymous_6)
FNDA:2,(anonymous_7)
FNDA:4,(anonymous_8)
FNDA:25,(anonymous_9)
FNDA:4,(anonymous_10)
FNDA:21,(anonymous_11)
DA:3,11
DA:7,27
DA:11,3
DA:12,1
DA:14,2
DA:18,18
DA:19,18
DA:20,18
DA:21,18
DA:25,4
DA:26,1
DA:28,3
DA:32,1
DA:33,1
DA:37,1
DA:38,1
DA:39,2
DA:41,1
DA:46,4
DA:47,2
DA:49,2
DA:50,2
DA:51,2
DA:52,13
DA:53,13
DA:54,1
DA:56,12
DA:57,12
DA:58,12
DA:59,25
DA:60,12
DA:66,1
DA:70,4
DA:71,2
DA:73,2
DA:74,2
DA:75,2
DA:76,11
DA:77,11
DA:78,1
DA:80,10
DA:81,10
DA:82,10
DA:83,21
DA:84,11
DA:90,1
LF:46
LH:46
BRDA:11,0,0,1
BRDA:11,0,1,2
BRDA:25,1,0,1
BRDA:25,1,1,3
BRDA:37,2,0,1
BRDA:37,2,1,0
BRDA:46,3,0,2
BRDA:46,3,1,2
BRDA:46,4,0,4
BRDA:46,4,1,3
BRDA:53,5,0,1
BRDA:53,5,1,12
BRDA:59,6,0,12
BRDA:59,6,1,13
BRDA:70,7,0,2
BRDA:70,7,1,2
BRDA:70,8,0,4
BRDA:70,8,1,3
BRDA:77,9,0,1
BRDA:77,9,1,10
BRDA:83,10,0,11
BRDA:83,10,1,10
BRF:22
BRH:21
end_of_record
